<?xml version="1.0" encoding="UTF-8"?>
<!-- Generated by org.testng.reporters.JUnitReportReporter -->
<testsuite skipped="0" hostname="Masters" name="com.scpSeleniummaven.Sel1.GurruBank" tests="1" failures="0" timestamp="12 Aug 2017 07:48:57 GMT" time="30.959" errors="0">
  <testcase name="GuruBank" time="30.959" classname="com.scpSeleniummaven.Sel1.GurruBank"/>
</testsuite> <!-- com.scpSeleniummaven.Sel1.GurruBank -->
