<?xml version="1.0" encoding="UTF-8"?>
<!-- Generated by org.testng.reporters.JUnitReportReporter -->
<testsuite skipped="0" hostname="Masters" name="com.scpSeleniummaven.Sel1.EcartTest" tests="1" failures="0" timestamp="11 Aug 2017 06:00:09 GMT" time="157.595" errors="0">
  <testcase name="CreateAccount" time="157.595" classname="com.scpSeleniummaven.Sel1.EcartTest"/>
</testsuite> <!-- com.scpSeleniummaven.Sel1.EcartTest -->
