<?xml version="1.0" encoding="UTF-8"?>
<!-- Generated by org.testng.reporters.JUnitReportReporter -->
<testsuite skipped="0" hostname="Masters" name="com.scpSeleniummaven.Sel1.LoginPo" tests="1" failures="0" timestamp="01 Aug 2017 04:30:17 GMT" time="25.832" errors="0">
  <testcase name="test" time="25.832" classname="com.scpSeleniummaven.Sel1.LoginPo"/>
</testsuite> <!-- com.scpSeleniummaven.Sel1.LoginPo -->
